#
# There is insufficient memory for the Java Runtime Environment to continue.
# Native memory allocation (malloc) failed to allocate 67696 bytes for Chunk::new
# Possible reasons:
#   The system is out of physical RAM or swap space
#   In 32 bit mode, the process size limit was hit
#   Possible solutions:
#   Reduce memory load on the system
#   Increase physical memory or swap space
#   Check if swap backing store is full
#   Use 64 bit Java on a 64 bit OS
#   Decrease Java heap size (-Xmx/-Xms)
#   Decrease number of Java threads
#   Decrease Java thread stack sizes (-Xss)
#   Set larger code cache with -XX:ReservedCodeCacheSize=
# This output file may be truncated or incomplete.
#
#  Out of Memory Error (allocation.cpp:390), pid=5560, tid=0x0000000000007ec0
#
# JRE version: Java(TM) SE Runtime Environment (8.0_181-b13) (build 1.8.0_181-b13)
# Java VM: Java HotSpot(TM) 64-Bit Server VM (25.181-b13 mixed mode windows-amd64 compressed oops)
# Failed to write core dump. Minidumps are not enabled by default on client versions of Windows
#

---------------  T H R E A D  ---------------

Current thread (0x0000000017785000):  JavaThread "C2 CompilerThread0" daemon [_thread_in_native, id=32448, stack(0x0000000018dc0000,0x0000000018ec0000)]

Stack: [0x0000000018dc0000,0x0000000018ec0000]
[error occurred during error reporting (printing stack bounds), id 0xc0000005]

Native frames: (J=compiled Java code, j=interpreted, Vv=VM code, C=native code)


Current CompileTask:
C2:  51072 1685       4       org.openqa.selenium.io.MultiOutputStream::write (24 bytes)


---------------  P R O C E S S  ---------------

Java Threads: ( => current thread )
  0x0000000019a5f000 JavaThread "Exec Stream Pumper" daemon [_thread_in_native, id=32040, stack(0x000000001c2f0000,0x000000001c3f0000)]
  0x000000001923e000 JavaThread "Exec Stream Pumper" daemon [_thread_in_native, id=31268, stack(0x000000001c1f0000,0x000000001c2f0000)]
  0x0000000019a72000 JavaThread "Exec Default Executor" daemon [_thread_in_native, id=6416, stack(0x000000001bcf0000,0x000000001bdf0000)]
  0x000000001a917000 JavaThread "Okio Watchdog" daemon [_thread_blocked, id=22264, stack(0x000000001bef0000,0x000000001bff0000)]
  0x000000001aede000 JavaThread "OkHttp ConnectionPool" daemon [_thread_blocked, id=25488, stack(0x000000001bdf0000,0x000000001bef0000)]
  0x000000001a42f000 JavaThread "Exec Stream Pumper" daemon [_thread_in_native, id=4920, stack(0x000000001b9f0000,0x000000001baf0000)]
  0x0000000019bca800 JavaThread "Exec Stream Pumper" daemon [_thread_in_native, id=31844, stack(0x000000001b8f0000,0x000000001b9f0000)]
  0x000000001a97a800 JavaThread "Exec Default Executor" daemon [_thread_in_native, id=31764, stack(0x000000001b3d0000,0x000000001b4d0000)]
  0x00000000199a2800 JavaThread "ReaderThread" [_thread_in_native, id=32960, stack(0x000000001a300000,0x000000001a400000)]
  0x00000000190e8800 JavaThread "Service Thread" daemon [_thread_blocked, id=6956, stack(0x00000000194c0000,0x00000000195c0000)]
  0x0000000017791000 JavaThread "C1 CompilerThread2" daemon [_thread_blocked, id=6468, stack(0x0000000018fc0000,0x00000000190c0000)]
  0x000000001778e000 JavaThread "C2 CompilerThread1" daemon [_thread_blocked, id=12916, stack(0x0000000018ec0000,0x0000000018fc0000)]
=>0x0000000017785000 JavaThread "C2 CompilerThread0" daemon [_thread_in_native, id=32448, stack(0x0000000018dc0000,0x0000000018ec0000)]
  0x0000000017783000 JavaThread "Attach Listener" daemon [_thread_blocked, id=26944, stack(0x0000000018cc0000,0x0000000018dc0000)]
  0x0000000017782000 JavaThread "Signal Dispatcher" daemon [_thread_blocked, id=29220, stack(0x0000000018bc0000,0x0000000018cc0000)]
  0x0000000017770000 JavaThread "Finalizer" daemon [_thread_blocked, id=5628, stack(0x00000000189e0000,0x0000000018ae0000)]
  0x0000000002c45000 JavaThread "Reference Handler" daemon [_thread_blocked, id=32600, stack(0x00000000188e0000,0x00000000189e0000)]
  0x0000000002b56000 JavaThread "Forwarding findElement on session 2ac024eb-a595-45af-ab89-44a3fcc80dae to remote" [_thread_in_native, id=5520, stack(0x0000000002a50000,0x0000000002b50000)]

Other Threads:
  0x0000000017748000 VMThread [stack: 0x00000000187e0000,0x00000000188e0000] [id=33752]
  0x0000000019136800 WatcherThread [stack: 0x00000000195c0000,0x00000000196c0000] [id=33192]

VM state:not at safepoint (normal execution)

VM Mutex/Monitor currently owned by a thread: None

Heap:
 PSYoungGen      total 38400K, used 9771K [0x00000000d5f00000, 0x00000000d8980000, 0x0000000100000000)
  eden space 33280K, 14% used [0x00000000d5f00000,0x00000000d63907d8,0x00000000d7f80000)
  from space 5120K, 99% used [0x00000000d8480000,0x00000000d897a4e8,0x00000000d8980000)
  to   space 5120K, 0% used [0x00000000d7f80000,0x00000000d7f80000,0x00000000d8480000)
 ParOldGen       total 87552K, used 5378K [0x0000000081c00000, 0x0000000087180000, 0x00000000d5f00000)
  object space 87552K, 6% used [0x0000000081c00000,0x0000000082140bd8,0x0000000087180000)
 Metaspace       used 18037K, capacity 18800K, committed 18944K, reserved 1064960K
  class space    used 2296K, capacity 2492K, committed 2560K, reserved 1048576K

Card table byte_map: [0x0000000012010000,0x0000000012410000] byte_map_base: 0x0000000011c02000

Marking Bits: (ParMarkBitMap*) 0x000000005d0c2d00
 Begin Bits: [0x0000000012ac0000, 0x0000000014a50000)
 End Bits:   [0x0000000014a50000, 0x00000000169e0000)

Polling page: 0x00000000027d0000

CodeCache: size=245760Kb used=5654Kb max_used=5666Kb free=240105Kb
 bounds [0x0000000002c50000, 0x00000000031e0000, 0x0000000011c50000]
 total_blobs=2113 nmethods=1686 adapters=339
 compilation: enabled

Compilation events (10 events):
Event: 50.947 Thread 0x000000001778e000 1681       4       java.util.regex.Pattern$5::isSatisfiedBy (28 bytes)
Event: 50.948 Thread 0x0000000017791000 nmethod 1680 0x00000000031d1250 code [0x00000000031d13a0, 0x00000000031d1550]
Event: 50.948 Thread 0x0000000017791000 1682       3       okio.Buffer::writeUtf8 (543 bytes)
Event: 50.950 Thread 0x0000000017791000 nmethod 1682 0x00000000031d2ad0 code [0x00000000031d2f40, 0x00000000031d56b8]
Event: 50.950 Thread 0x0000000017791000 1683       3       okio.Buffer::writableSegment (92 bytes)
Event: 50.950 Thread 0x000000001778e000 nmethod 1681 0x00000000031d8550 code [0x00000000031d86c0, 0x00000000031d89c8]
Event: 50.950 Thread 0x0000000017791000 nmethod 1683 0x00000000031d2190 code [0x00000000031d2340, 0x00000000031d2888]
Event: 50.950 Thread 0x0000000017791000 1684       3       okio.RealBufferedSink::emitCompleteSegments (47 bytes)
Event: 50.950 Thread 0x0000000017791000 nmethod 1684 0x00000000031d1a50 code [0x00000000031d1be0, 0x00000000031d2008]
Event: 51.022 Thread 0x0000000017785000 1685       4       org.openqa.selenium.io.MultiOutputStream::write (24 bytes)

GC Heap History (4 events):
Event: 0.775 GC heap before
{Heap before GC invocations=1 (full 0):
 PSYoungGen      total 38400K, used 33280K [0x00000000d5f00000, 0x00000000d8980000, 0x0000000100000000)
  eden space 33280K, 100% used [0x00000000d5f00000,0x00000000d7f80000,0x00000000d7f80000)
  from space 5120K, 0% used [0x00000000d8480000,0x00000000d8480000,0x00000000d8980000)
  to   space 5120K, 0% used [0x00000000d7f80000,0x00000000d7f80000,0x00000000d8480000)
 ParOldGen       total 87552K, used 0K [0x0000000081c00000, 0x0000000087180000, 0x00000000d5f00000)
  object space 87552K, 0% used [0x0000000081c00000,0x0000000081c00000,0x0000000087180000)
 Metaspace       used 12354K, capacity 12624K, committed 12928K, reserved 1060864K
  class space    used 1480K, capacity 1594K, committed 1664K, reserved 1048576K
Event: 0.780 GC heap after
Heap after GC invocations=1 (full 0):
 PSYoungGen      total 38400K, used 5108K [0x00000000d5f00000, 0x00000000d8980000, 0x0000000100000000)
  eden space 33280K, 0% used [0x00000000d5f00000,0x00000000d5f00000,0x00000000d7f80000)
  from space 5120K, 99% used [0x00000000d7f80000,0x00000000d847d260,0x00000000d8480000)
  to   space 5120K, 0% used [0x00000000d8480000,0x00000000d8480000,0x00000000d8980000)
 ParOldGen       total 87552K, used 2035K [0x0000000081c00000, 0x0000000087180000, 0x00000000d5f00000)
  object space 87552K, 2% used [0x0000000081c00000,0x0000000081dfcc88,0x0000000087180000)
 Metaspace       used 12354K, capacity 12624K, committed 12928K, reserved 1060864K
  class space    used 1480K, capacity 1594K, committed 1664K, reserved 1048576K
}
Event: 14.093 GC heap before
{Heap before GC invocations=2 (full 0):
 PSYoungGen      total 38400K, used 38388K [0x00000000d5f00000, 0x00000000d8980000, 0x0000000100000000)
  eden space 33280K, 100% used [0x00000000d5f00000,0x00000000d7f80000,0x00000000d7f80000)
  from space 5120K, 99% used [0x00000000d7f80000,0x00000000d847d260,0x00000000d8480000)
  to   space 5120K, 0% used [0x00000000d8480000,0x00000000d8480000,0x00000000d8980000)
 ParOldGen       total 87552K, used 2035K [0x0000000081c00000, 0x0000000087180000, 0x00000000d5f00000)
  object space 87552K, 2% used [0x0000000081c00000,0x0000000081dfcc88,0x0000000087180000)
 Metaspace       used 17924K, capacity 18658K, committed 18944K, reserved 1064960K
  class space    used 2286K, capacity 2491K, committed 2560K, reserved 1048576K
Event: 14.100 GC heap after
Heap after GC invocations=2 (full 0):
 PSYoungGen      total 38400K, used 5097K [0x00000000d5f00000, 0x00000000d8980000, 0x0000000100000000)
  eden space 33280K, 0% used [0x00000000d5f00000,0x00000000d5f00000,0x00000000d7f80000)
  from space 5120K, 99% used [0x00000000d8480000,0x00000000d897a4e8,0x00000000d8980000)
  to   space 5120K, 0% used [0x00000000d7f80000,0x00000000d7f80000,0x00000000d8480000)
 ParOldGen       total 87552K, used 5378K [0x0000000081c00000, 0x0000000087180000, 0x00000000d5f00000)
  object space 87552K, 6% used [0x0000000081c00000,0x0000000082140bd8,0x0000000087180000)
 Metaspace       used 17924K, capacity 18658K, committed 18944K, reserved 1064960K
  class space    used 2286K, capacity 2491K, committed 2560K, reserved 1048576K
}

Deoptimization events (10 events):
Event: 13.920 Thread 0x0000000002b56000 Uncommon trap: reason=class_check action=maybe_recompile pc=0x0000000003144cb4 method=org.openqa.selenium.json.Input.init()V @ 18
Event: 13.920 Thread 0x0000000002b56000 Uncommon trap: reason=class_check action=maybe_recompile pc=0x0000000003144cb4 method=org.openqa.selenium.json.Input.init()V @ 18
Event: 13.920 Thread 0x0000000002b56000 Uncommon trap: reason=class_check action=maybe_recompile pc=0x0000000003144cb4 method=org.openqa.selenium.json.Input.init()V @ 18
Event: 14.040 Thread 0x0000000002b56000 Uncommon trap: reason=bimorphic action=maybe_recompile pc=0x00000000030236d8 method=java.util.HashMap.putVal(ILjava/lang/Object;Ljava/lang/Object;ZZ)Ljava/lang/Object; @ 203
Event: 14.050 Thread 0x0000000002b56000 Uncommon trap: reason=bimorphic action=maybe_recompile pc=0x00000000030b0028 method=java.util.HashMap.putVal(ILjava/lang/Object;Ljava/lang/Object;ZZ)Ljava/lang/Object; @ 203
Event: 14.050 Thread 0x0000000002b56000 Uncommon trap: reason=bimorphic action=maybe_recompile pc=0x00000000030b0028 method=java.util.HashMap.putVal(ILjava/lang/Object;Ljava/lang/Object;ZZ)Ljava/lang/Object; @ 203
Event: 14.050 Thread 0x0000000002b56000 Uncommon trap: reason=bimorphic action=maybe_recompile pc=0x00000000030b0028 method=java.util.HashMap.putVal(ILjava/lang/Object;Ljava/lang/Object;ZZ)Ljava/lang/Object; @ 203
Event: 14.050 Thread 0x0000000002b56000 Uncommon trap: reason=bimorphic action=maybe_recompile pc=0x00000000030236d8 method=java.util.HashMap.putVal(ILjava/lang/Object;Ljava/lang/Object;ZZ)Ljava/lang/Object; @ 203
Event: 14.087 Thread 0x0000000002b56000 Uncommon trap: reason=unstable_if action=reinterpret pc=0x00000000031948dc method=java.util.concurrent.ConcurrentHashMap.get(Ljava/lang/Object;)Ljava/lang/Object; @ 152
Event: 14.087 Thread 0x0000000002b56000 Uncommon trap: reason=class_check action=maybe_recompile pc=0x00000000031971f8 method=java.util.concurrent.ConcurrentHashMap.putVal(Ljava/lang/Object;Ljava/lang/Object;Z)Ljava/lang/Object; @ 192

Classes redefined (0 events):
No events

Internal exceptions (10 events):
Event: 0.620 Thread 0x0000000002b56000 Exception <a 'java/lang/IncompatibleClassChangeError': Found class java.lang.Object, but interface was expected> (0x00000000d7453cb0) thrown at [C:\re\workspace\8-2-build-windows-amd64-cygwin\jdk8u181\11358\hotspot\src\share\vm\interpreter\linkResolver.cp
Event: 1.388 Thread 0x0000000002b56000 Exception <a 'java/lang/IncompatibleClassChangeError': Found class java.lang.Object, but interface was expected> (0x00000000d6728da8) thrown at [C:\re\workspace\8-2-build-windows-amd64-cygwin\jdk8u181\11358\hotspot\src\share\vm\interpreter\linkResolver.cp
Event: 1.391 Thread 0x0000000002b56000 Exception <a 'java/lang/NoSuchMethodError': java.lang.Object.lambda$or$2(Ljava/util/function/Predicate;Ljava/lang/Object;)Z> (0x00000000d6736be8) thrown at [C:\re\workspace\8-2-build-windows-amd64-cygwin\jdk8u181\11358\hotspot\src\share\vm\interpreter\lin
Event: 1.432 Thread 0x0000000002b56000 Exception <a 'java/lang/NoSuchMethodError': java.lang.Object.lambda$chars$0()Ljava/util/Spliterator$OfInt;> (0x00000000d698b9c0) thrown at [C:\re\workspace\8-2-build-windows-amd64-cygwin\jdk8u181\11358\hotspot\src\share\vm\interpreter\linkResolver.cpp, li
Event: 14.042 Thread 0x0000000002b56000 Exception <a 'java/lang/ClassNotFoundException': com/relevantcodes/extentreports/LogStatusBeanInfo> (0x00000000d7bbfbc8) thrown at [C:\re\workspace\8-2-build-windows-amd64-cygwin\jdk8u181\11358\hotspot\src\share\vm\classfile\systemDictionary.cpp, line 210
Event: 14.043 Thread 0x0000000002b56000 Exception <a 'java/lang/ClassNotFoundException': java/lang/EnumBeanInfo> (0x00000000d7bc7a98) thrown at [C:\re\workspace\8-2-build-windows-amd64-cygwin\jdk8u181\11358\hotspot\src\share\vm\classfile\systemDictionary.cpp, line 210]
Event: 14.043 Thread 0x0000000002b56000 Exception <a 'java/lang/ClassNotFoundException': java/lang/ObjectBeanInfo> (0x00000000d7bcffe0) thrown at [C:\re\workspace\8-2-build-windows-amd64-cygwin\jdk8u181\11358\hotspot\src\share\vm\classfile\systemDictionary.cpp, line 210]
Event: 14.043 Thread 0x0000000002b56000 Exception <a 'java/lang/ClassNotFoundException': java/lang/ObjectCustomizer> (0x00000000d7bd8690) thrown at [C:\re\workspace\8-2-build-windows-amd64-cygwin\jdk8u181\11358\hotspot\src\share\vm\classfile\systemDictionary.cpp, line 210]
Event: 14.046 Thread 0x0000000002b56000 Exception <a 'java/lang/ClassNotFoundException': java/lang/EnumCustomizer> (0x00000000d7be80a0) thrown at [C:\re\workspace\8-2-build-windows-amd64-cygwin\jdk8u181\11358\hotspot\src\share\vm\classfile\systemDictionary.cpp, line 210]
Event: 14.048 Thread 0x0000000002b56000 Exception <a 'java/lang/ClassNotFoundException': com/relevantcodes/extentreports/LogStatusCustomizer> (0x00000000d7c0ab00) thrown at [C:\re\workspace\8-2-build-windows-amd64-cygwin\jdk8u181\11358\hotspot\src\share\vm\classfile\systemDictionary.cpp, line 2

Events (10 events):
Event: 50.711 loading class org/openqa/selenium/By$ByCssSelector
Event: 50.711 loading class org/openqa/selenium/By$ByCssSelector done
Event: 50.719 loading class org/openqa/selenium/interactions/internal/Coordinates
Event: 50.719 loading class org/openqa/selenium/interactions/internal/Coordinates done
Event: 50.719 loading class org/openqa/selenium/net/Urls
Event: 50.719 loading class org/openqa/selenium/net/Urls done
Event: 50.720 loading class java/net/URLEncoder
Event: 50.720 loading class java/net/URLEncoder done
Event: 50.720 loading class java/io/CharArrayWriter
Event: 50.720 loading class java/io/CharArrayWriter done


Dynamic libraries:
0x00007ff6b4890000 - 0x00007ff6b48c7000 	C:\Program Files\Java\jre1.8.0_181\bin\javaw.exe
0x00007fff733e0000 - 0x00007fff735a1000 	C:\Windows\SYSTEM32\ntdll.dll
0x00007fff73330000 - 0x00007fff733dd000 	C:\Windows\system32\KERNEL32.DLL
0x00007fff708d0000 - 0x00007fff70aad000 	C:\Windows\system32\KERNELBASE.dll
0x00007fff73280000 - 0x00007fff73326000 	C:\Windows\system32\ADVAPI32.dll
0x00007fff73180000 - 0x00007fff7321d000 	C:\Windows\system32\msvcrt.dll
0x00007fff72fd0000 - 0x00007fff7302b000 	C:\Windows\system32\sechost.dll
0x00007fff71040000 - 0x00007fff71166000 	C:\Windows\system32\RPCRT4.dll
0x00007fff70e90000 - 0x00007fff70fde000 	C:\Windows\system32\USER32.dll
0x00007fff72ce0000 - 0x00007fff72e66000 	C:\Windows\system32\GDI32.dll
0x00007fff5ced0000 - 0x00007fff5d144000 	C:\Windows\WinSxS\amd64_microsoft.windows.common-controls_6595b64144ccf1df_6.0.10240.16384_none_f41f7b285750ef43\COMCTL32.dll
0x00007fff71170000 - 0x00007fff711a6000 	C:\Windows\system32\IMM32.DLL
0x00007fff712e0000 - 0x00007fff7143c000 	C:\Windows\system32\MSCTF.dll
0x000000005c6d0000 - 0x000000005c7a2000 	C:\Program Files\Java\jre1.8.0_181\bin\msvcr100.dll
0x000000005c8a0000 - 0x000000005d142000 	C:\Program Files\Java\jre1.8.0_181\bin\server\jvm.dll
0x00007fff72e80000 - 0x00007fff72e88000 	C:\Windows\system32\PSAPI.DLL
0x00007fff673d0000 - 0x00007fff673d9000 	C:\Windows\SYSTEM32\WSOCK32.dll
0x00007fff5e520000 - 0x00007fff5e543000 	C:\Windows\SYSTEM32\WINMM.dll
0x00007fff72e90000 - 0x00007fff72ef9000 	C:\Windows\system32\WS2_32.dll
0x00007fff72e70000 - 0x00007fff72e78000 	C:\Windows\system32\NSI.dll
0x00007fff68270000 - 0x00007fff6827a000 	C:\Windows\SYSTEM32\VERSION.dll
0x00000000027e0000 - 0x000000000280c000 	C:\Windows\SYSTEM32\WINMMBASE.dll
0x00007fff70590000 - 0x00007fff705d4000 	C:\Windows\system32\cfgmgr32.dll
0x00007fff6e780000 - 0x00007fff6e7a7000 	C:\Windows\SYSTEM32\DEVOBJ.dll
0x000000005c890000 - 0x000000005c89f000 	C:\Program Files\Java\jre1.8.0_181\bin\verify.dll
0x000000005c860000 - 0x000000005c889000 	C:\Program Files\Java\jre1.8.0_181\bin\java.dll
0x000000005c840000 - 0x000000005c856000 	C:\Program Files\Java\jre1.8.0_181\bin\zip.dll
0x00007fff71440000 - 0x00007fff72962000 	C:\Windows\system32\SHELL32.dll
0x00007fff6ff60000 - 0x00007fff70589000 	C:\Windows\system32\windows.storage.dll
0x00007fff72970000 - 0x00007fff72bec000 	C:\Windows\system32\combase.dll
0x00007fff70fe0000 - 0x00007fff71031000 	C:\Windows\system32\shlwapi.dll
0x00007fff6fe10000 - 0x00007fff6fe1f000 	C:\Windows\system32\kernel.appcore.dll
0x00007fff707b0000 - 0x00007fff70863000 	C:\Windows\system32\shcore.dll
0x00007fff6fe60000 - 0x00007fff6feaa000 	C:\Windows\system32\powrprof.dll
0x00007fff6fe20000 - 0x00007fff6fe33000 	C:\Windows\system32\profapi.dll
0x000000005c820000 - 0x000000005c83a000 	C:\Program Files\Java\jre1.8.0_181\bin\net.dll
0x00007fff6f680000 - 0x00007fff6f6dd000 	C:\Windows\system32\mswsock.dll
0x00007fff6f440000 - 0x00007fff6f4e8000 	C:\Windows\SYSTEM32\DNSAPI.dll
0x00007fff69150000 - 0x00007fff6915a000 	C:\Windows\System32\rasadhlp.dll
0x00007fff69580000 - 0x00007fff695e8000 	C:\Windows\System32\fwpuclnt.dll
0x00007fff6fd40000 - 0x00007fff6fd68000 	C:\Windows\SYSTEM32\bcrypt.dll
0x00007fff6f6e0000 - 0x00007fff6f6f7000 	C:\Windows\SYSTEM32\CRYPTSP.dll
0x00007fff6f2d0000 - 0x00007fff6f303000 	C:\Windows\system32\rsaenh.dll
0x00007fff6f420000 - 0x00007fff6f43f000 	C:\Windows\SYSTEM32\USERENV.dll
0x00007fff6fc30000 - 0x00007fff6fc9b000 	C:\Windows\system32\bcryptprimitives.dll
0x00007fff6f910000 - 0x00007fff6f91b000 	C:\Windows\SYSTEM32\CRYPTBASE.dll
0x00007fff6bf70000 - 0x00007fff6bfa8000 	C:\Windows\SYSTEM32\IPHLPAPI.DLL
0x00007fff6bdf0000 - 0x00007fff6bdfb000 	C:\Windows\SYSTEM32\WINNSI.DLL
0x00007fff69380000 - 0x00007fff69396000 	C:\Windows\SYSTEM32\dhcpcsvc6.DLL
0x00007fff69360000 - 0x00007fff6937a000 	C:\Windows\SYSTEM32\dhcpcsvc.DLL
0x000000005c800000 - 0x000000005c811000 	C:\Program Files\Java\jre1.8.0_181\bin\nio.dll
0x000000005c7d0000 - 0x000000005c7f4000 	C:\Program Files\Java\jre1.8.0_181\bin\sunec.dll
0x000000005c7c0000 - 0x000000005c7cb000 	C:\Program Files\Java\jre1.8.0_181\bin\sunmscapi.dll
0x00007fff705e0000 - 0x00007fff707a1000 	C:\Windows\system32\CRYPT32.dll
0x00007fff6fe40000 - 0x00007fff6fe51000 	C:\Windows\system32\MSASN1.dll
0x00007fff5cbe0000 - 0x00007fff5cbf5000 	C:\Windows\system32\napinsp.dll
0x00007fff5cdd0000 - 0x00007fff5cdea000 	C:\Windows\system32\pnrpnsp.dll
0x00007fff6c390000 - 0x00007fff6c3a8000 	C:\Windows\system32\NLAapi.dll
0x00007fff5ce60000 - 0x00007fff5ce6d000 	C:\Windows\System32\winrnr.dll

VM Arguments:
jvm_args: -ea -Dfile.encoding=Cp1252 
java_command: org.testng.remote.RemoteTestNG -serport 53017 -protocol json -d C:\Users\Win10\eclipse-workspace\SkillG\test-output C:\Users\Win10\eclipse-workspace\SkillG\testng.xml
java_class_path (initial): C:\Users\Win10\Downloads\eclipse-java-oxygen-3a-win32-x86_64\eclipse\configuration\org.eclipse.osgi\583\0\.cp\lib\testng-remote.jar;C:\Program Files\Java\jre1.8.0_181\lib\resources.jar;C:\Program Files\Java\jre1.8.0_181\lib\rt.jar;C:\Program Files\Java\jre1.8.0_181\lib\jsse.jar;C:\Program Files\Java\jre1.8.0_181\lib\jce.jar;C:\Program Files\Java\jre1.8.0_181\lib\charsets.jar;C:\Program Files\Java\jre1.8.0_181\lib\jfr.jar;C:\Program Files\Java\jre1.8.0_181\lib\ext\access-bridge-64.jar;C:\Program Files\Java\jre1.8.0_181\lib\ext\cldrdata.jar;C:\Program Files\Java\jre1.8.0_181\lib\ext\dnsns.jar;C:\Program Files\Java\jre1.8.0_181\lib\ext\jaccess.jar;C:\Program Files\Java\jre1.8.0_181\lib\ext\jfxrt.jar;C:\Program Files\Java\jre1.8.0_181\lib\ext\localedata.jar;C:\Program Files\Java\jre1.8.0_181\lib\ext\nashorn.jar;C:\Program Files\Java\jre1.8.0_181\lib\ext\sunec.jar;C:\Program Files\Java\jre1.8.0_181\lib\ext\sunjce_provider.jar;C:\Program Files\Java\jre1.8.0_181\lib\ext\sunmscapi.jar;C:\Program Files\Java\jre1.8.0_181\lib\ext\sunpkcs11.jar;C:\Program Files\Java\jre1.8.0_181\lib\ext\zipfs.jar;C:\Users\Win10\eclipse-workspace\SkillG\target\test-classes;C:\Users\Win10\eclipse-workspace\SkillG\target\classes;C:\Users\Win10\Downloads\eclipse-java-oxygen-3a-win32-x86_64\eclipse\plugins\org.testng_6.14.2.r201802161450.jar;C:\Users\Win10\Downloads\eclipse-java-oxygen-3a-win32-x86_64\eclipse\plugins\com.beust.jcommander_1.72.0.jar;C:\Users\Win10\Downloads\eclipse-java-oxygen-3a-win32-x86_64\eclipse\plugins\org.apache-extras.beanshell.bsh_2.0.0.b6.jar;C:\Users\Win10\Downloads\eclipse-java-oxygen-3a-win32-x86_64\eclipse\plugins\org.yaml.snakeyaml_1.17.0.jar;C:\Users\Win10\Downloads\eclipse-java-oxygen-3a-win32-x86_64\eclipse\plugins\org.junit.jupiter.api_5.0.0.v20170910-2246.jar;C:\Users\Win10\Downloads\eclipse-java-oxygen-3a-win32-x86_64\eclipse\plugins\org.junit.jupiter.engine_5.0.0.v20170910-2246.jar;C:\Users\Win10\Downloads\eclipse-java-oxygen-3a-win3
Launcher Type: SUN_STANDARD

Environment Variables:
PATH=C:/Program Files/Java/jre1.8.0_181/bin/server;C:/Program Files/Java/jre1.8.0_181/bin;C:/Program Files/Java/jre1.8.0_181/lib/amd64;%MAVEN_HOME%\bin;C:\Users\Win10\eclipse-workspace\SkillG;C:\Program Files (x86)\Common Files\Oracle\Java\javapath;C:\Windows\system32;C:\Windows;C:\Windows\System32\Wbem;C:\Windows\System32\WindowsPowerShell\v1.0\;C:\Program Files (x86)\Microsoft SQL Server\130\Tools\Binn\;C:\Program Files\Microsoft SQL Server\130\Tools\Binn\;C:\Program Files (x86)\Microsoft SQL Server\130\DTS\Binn\;C:\Program Files\Microsoft SQL Server\130\DTS\Binn\;C:\Program Files\Microsoft SQL Server\Client SDK\ODBC\130\Tools\Binn\;C:\Program Files (x86)\Microsoft SQL Server\Client SDK\ODBC\130\Tools\Binn\;C:\Program Files (x86)\Microsoft SQL Server\140\Tools\Binn\;C:\Program Files (x86)\Microsoft SQL Server\140\DTS\Binn\;C:\Program Files (x86)\Microsoft SQL Server\140\Tools\Binn\ManagementStudio\;C:\Program Files\dotnet\;C:\Program Files\Git\cmd;C:\Users\Win10\Downloads\apache-maven-3.5.4-bin\bin;C:\Users\Win10\Downloads\eclipse-java-oxygen-3a-win32-x86_64\eclipse;
USERNAME=Win10
OS=Windows_NT
PROCESSOR_IDENTIFIER=Intel64 Family 6 Model 158 Stepping 9, GenuineIntel



---------------  S Y S T E M  ---------------

OS: Windows 10.0 , 64 bit Build 10240 (10.0.10240.16384)

CPU:total 4 (initial active 4) (4 cores per cpu, 1 threads per core) family 6 model 158 stepping 9, cmov, cx8, fxsr, mmx, sse, sse2, sse3, ssse3, sse4.1, sse4.2, popcnt, avx, avx2, aes, clmul, erms, 3dnowpref, lzcnt, tsc, tscinvbit, bmi1, bmi2, adx

Memory: 4k page, physical 8272592k(1365612k free), swap 21008460k(2416k free)

vm_info: Java HotSpot(TM) 64-Bit Server VM (25.181-b13) for windows-amd64 JRE (1.8.0_181-b13), built on Jul  7 2018 04:01:33 by "java_re" with MS VC++ 10.0 (VS2010)

time: Tue Sep 04 15:22:18 2018
elapsed time: 51 seconds (0d 0h 0m 51s)

